<?xml version="1.0" encoding="UTF-8"?>
<robot generator="Robot 3.0.4 (Python 3.6.5 on win32)" generated="20180624 23:35:11.169">
<suite id="s1" name="Test" source="C:\Users\Lek\PycharmProjects\Eko_assignment\tests\test.robot">
<test id="s1-t1" name="Scenario 1: Verify message can send successfully to another user">
<kw name="Run Keywords" library="BuiltIn" type="setup">
<doc>Executes all the given keywords in a sequence.</doc>
<arguments>
<arg>I Open Eko website</arg>
</arguments>
<kw name="I Open Eko website" library="Step_Abstract_Page">
<kw name="begin_web_test" library="Abstract_Page">
<kw name="Open Browser" library="Selenium2Library">
<doc>Opens a new browser instance to the given ``url``.</doc>
<arguments>
<arg>${variable_URL}</arg>
<arg>${variable_Browser}</arg>
</arguments>
<msg timestamp="20180624 23:35:11.339" level="INFO">Opening browser 'Chrome' to base url 'https://stagingekos.ekoapp.com/recents'.</msg>
<status status="PASS" starttime="20180624 23:35:11.339" endtime="20180624 23:35:15.566"></status>
</kw>
<kw name="Maximize Browser Window" library="Selenium2Library">
<doc>Maximizes current browser window.</doc>
<status status="PASS" starttime="20180624 23:35:15.566" endtime="20180624 23:35:16.698"></status>
</kw>
<kw name="Set Selenium Implicit Wait" library="Selenium2Library">
<doc>Sets the implicit wait value used by Selenium.</doc>
<arguments>
<arg>20</arg>
</arguments>
<status status="PASS" starttime="20180624 23:35:16.699" endtime="20180624 23:35:16.699"></status>
</kw>
<status status="PASS" starttime="20180624 23:35:11.338" endtime="20180624 23:35:16.700"></status>
</kw>
<status status="PASS" starttime="20180624 23:35:11.338" endtime="20180624 23:35:16.700"></status>
</kw>
<status status="PASS" starttime="20180624 23:35:11.338" endtime="20180624 23:35:16.700"></status>
</kw>
<kw name="I Login with admin user" library="Step_Login_Page">
<kw name="set_Username" library="Login_Page">
<arguments>
<arg>lek@ekoapp.com</arg>
</arguments>
<kw name="Input Text" library="Selenium2Library">
<doc>Types the given ``text`` into text field identified by ``locator``.</doc>
<arguments>
<arg>id=username</arg>
<arg>${value}</arg>
</arguments>
<msg timestamp="20180624 23:35:16.701" level="INFO">Typing text 'lek@ekoapp.com' into text field 'id=username'.</msg>
<status status="PASS" starttime="20180624 23:35:16.701" endtime="20180624 23:35:16.856"></status>
</kw>
<status status="PASS" starttime="20180624 23:35:16.701" endtime="20180624 23:35:16.856"></status>
</kw>
<kw name="set_Password" library="Login_Page">
<arguments>
<arg>password</arg>
</arguments>
<kw name="Input Text" library="Selenium2Library">
<doc>Types the given ``text`` into text field identified by ``locator``.</doc>
<arguments>
<arg>id=password</arg>
<arg>${value}</arg>
</arguments>
<msg timestamp="20180624 23:35:16.857" level="INFO">Typing text 'password' into text field 'id=password'.</msg>
<status status="PASS" starttime="20180624 23:35:16.856" endtime="20180624 23:35:16.972"></status>
</kw>
<status status="PASS" starttime="20180624 23:35:16.856" endtime="20180624 23:35:16.973"></status>
</kw>
<kw name="click_Login" library="Login_Page">
<kw name="Click Button" library="Selenium2Library">
<doc>Clicks button identified by ``locator``.</doc>
<arguments>
<arg>xpath=//button[@type='submit']</arg>
</arguments>
<msg timestamp="20180624 23:35:16.973" level="INFO">Clicking button 'xpath=//button[@type='submit']'.</msg>
<status status="PASS" starttime="20180624 23:35:16.973" endtime="20180624 23:35:17.060"></status>
</kw>
<status status="PASS" starttime="20180624 23:35:16.973" endtime="20180624 23:35:17.061"></status>
</kw>
<status status="PASS" starttime="20180624 23:35:16.700" endtime="20180624 23:35:17.061"></status>
</kw>
<kw name="I click skip to close banner" library="Step_Home_Page">
<kw name="click_skip_on_banner" library="Home_Page">
<kw name="Wait Until Keyword Succeeds" library="BuiltIn">
<doc>Runs the specified keyword and retries if it fails.</doc>
<arguments>
<arg>10</arg>
<arg>1</arg>
<arg>Click Element</arg>
<arg>xpath=//a[text()='Skip']</arg>
</arguments>
<kw name="Click Element" library="Selenium2Library">
<doc>Click element identified by ``locator``.</doc>
<arguments>
<arg>xpath=//a[text()='Skip']</arg>
</arguments>
<msg timestamp="20180624 23:35:17.062" level="INFO">Clicking element 'xpath=//a[text()='Skip']'.</msg>
<status status="PASS" starttime="20180624 23:35:17.062" endtime="20180624 23:35:18.739"></status>
</kw>
<status status="PASS" starttime="20180624 23:35:17.062" endtime="20180624 23:35:18.739"></status>
</kw>
<status status="PASS" starttime="20180624 23:35:17.062" endtime="20180624 23:35:18.739"></status>
</kw>
<status status="PASS" starttime="20180624 23:35:17.061" endtime="20180624 23:35:18.739"></status>
</kw>
<kw name="I click create icon" library="Step_Home_Page">
<kw name="click_create_icon" library="Home_Page">
<kw name="Wait Until Keyword Succeeds" library="BuiltIn">
<doc>Runs the specified keyword and retries if it fails.</doc>
<arguments>
<arg>10</arg>
<arg>1</arg>
<arg>Click Button</arg>
<arg>xpath=//button[@type='button']</arg>
</arguments>
<kw name="Click Button" library="Selenium2Library">
<doc>Clicks button identified by ``locator``.</doc>
<arguments>
<arg>xpath=//button[@type='button']</arg>
</arguments>
<msg timestamp="20180624 23:35:18.741" level="INFO">Clicking button 'xpath=//button[@type='button']'.</msg>
<status status="PASS" starttime="20180624 23:35:18.741" endtime="20180624 23:35:18.878"></status>
</kw>
<status status="PASS" starttime="20180624 23:35:18.740" endtime="20180624 23:35:18.878"></status>
</kw>
<status status="PASS" starttime="20180624 23:35:18.740" endtime="20180624 23:35:18.878"></status>
</kw>
<status status="PASS" starttime="20180624 23:35:18.740" endtime="20180624 23:35:18.878"></status>
</kw>
<kw name="I click direct message" library="Step_Home_Page">
<kw name="click_direct_message" library="Home_Page">
<kw name="Wait Until Keyword Succeeds" library="BuiltIn">
<doc>Runs the specified keyword and retries if it fails.</doc>
<arguments>
<arg>10</arg>
<arg>1</arg>
<arg>Click Element</arg>
<arg>xpath=//div[@class='ant-dropdown ant-dropdown-placement-bottomLeft']/ul/li[1]</arg>
</arguments>
<kw name="Click Element" library="Selenium2Library">
<doc>Click element identified by ``locator``.</doc>
<arguments>
<arg>xpath=//div[@class='ant-dropdown ant-dropdown-placement-bottomLeft']/ul/li[1]</arg>
</arguments>
<msg timestamp="20180624 23:35:18.880" level="INFO">Clicking element 'xpath=//div[@class='ant-dropdown ant-dropdown-placement-bottomLeft']/ul/li[1]'.</msg>
<status status="PASS" starttime="20180624 23:35:18.880" endtime="20180624 23:35:19.297"></status>
</kw>
<status status="PASS" starttime="20180624 23:35:18.879" endtime="20180624 23:35:19.297"></status>
</kw>
<status status="PASS" starttime="20180624 23:35:18.879" endtime="20180624 23:35:19.297"></status>
</kw>
<status status="PASS" starttime="20180624 23:35:18.879" endtime="20180624 23:35:19.298"></status>
</kw>
<kw name="I input name in search box" library="Step_Home_Page">
<arguments>
<arg>narongsak</arg>
</arguments>
<kw name="set_name" library="Home_Page">
<arguments>
<arg>${value}</arg>
</arguments>
<kw name="Input Text" library="Selenium2Library">
<doc>Types the given ``text`` into text field identified by ``locator``.</doc>
<arguments>
<arg>xpath=//div[@class='ant-modal-body']//input[@type='search']</arg>
<arg>${value}</arg>
</arguments>
<msg timestamp="20180624 23:35:19.299" level="INFO">Typing text 'narongsak' into text field 'xpath=//div[@class='ant-modal-body']//input[@type='search']'.</msg>
<status status="PASS" starttime="20180624 23:35:19.299" endtime="20180624 23:35:19.445"></status>
</kw>
<status status="PASS" starttime="20180624 23:35:19.299" endtime="20180624 23:35:19.445"></status>
</kw>
<status status="PASS" starttime="20180624 23:35:19.298" endtime="20180624 23:35:19.446"></status>
</kw>
<kw name="I click the searched name" library="Step_Home_Page">
<kw name="click_searched_name" library="Home_Page">
<kw name="Wait Until Keyword Succeeds" library="BuiltIn">
<doc>Runs the specified keyword and retries if it fails.</doc>
<arguments>
<arg>10</arg>
<arg>1</arg>
<arg>Click Element</arg>
<arg>xpath=//div[@class='ant-modal-content']/div[2]/div/div/div[2]/div/div</arg>
</arguments>
<kw name="Click Element" library="Selenium2Library">
<doc>Click element identified by ``locator``.</doc>
<arguments>
<arg>xpath=//div[@class='ant-modal-content']/div[2]/div/div/div[2]/div/div</arg>
</arguments>
<msg timestamp="20180624 23:35:19.447" level="INFO">Clicking element 'xpath=//div[@class='ant-modal-content']/div[2]/div/div/div[2]/div/div'.</msg>
<status status="PASS" starttime="20180624 23:35:19.447" endtime="20180624 23:35:19.736"></status>
</kw>
<status status="PASS" starttime="20180624 23:35:19.447" endtime="20180624 23:35:19.736"></status>
</kw>
<status status="PASS" starttime="20180624 23:35:19.446" endtime="20180624 23:35:19.736"></status>
</kw>
<status status="PASS" starttime="20180624 23:35:19.446" endtime="20180624 23:35:19.737"></status>
</kw>
<kw name="I input message as" library="Step_Chat">
<arguments>
<arg>Hi Narongsak !</arg>
</arguments>
<kw name="set chat message" library="Chat_Page">
<arguments>
<arg>${value}</arg>
</arguments>
<kw name="Input Text" library="Selenium2Library">
<doc>Types the given ``text`` into text field identified by ``locator``.</doc>
<arguments>
<arg>id=message</arg>
<arg>${value}</arg>
</arguments>
<msg timestamp="20180624 23:35:19.738" level="INFO">Typing text 'Hi Narongsak !' into text field 'id=message'.</msg>
<status status="PASS" starttime="20180624 23:35:19.738" endtime="20180624 23:35:20.453"></status>
</kw>
<status status="PASS" starttime="20180624 23:35:19.738" endtime="20180624 23:35:20.453"></status>
</kw>
<kw name="click_send" library="Chat_Page">
<kw name="Click Button" library="Selenium2Library">
<doc>Clicks button identified by ``locator``.</doc>
<arguments>
<arg>xpath=//button[@type='submit']</arg>
</arguments>
<msg timestamp="20180624 23:35:20.454" level="INFO">Clicking button 'xpath=//button[@type='submit']'.</msg>
<status status="PASS" starttime="20180624 23:35:20.453" endtime="20180624 23:35:20.564"></status>
</kw>
<status status="PASS" starttime="20180624 23:35:20.453" endtime="20180624 23:35:20.564"></status>
</kw>
<status status="PASS" starttime="20180624 23:35:19.737" endtime="20180624 23:35:20.564"></status>
</kw>
<kw name="I input message as" library="Step_Chat">
<arguments>
<arg>Are you okay ?</arg>
</arguments>
<kw name="set chat message" library="Chat_Page">
<arguments>
<arg>${value}</arg>
</arguments>
<kw name="Input Text" library="Selenium2Library">
<doc>Types the given ``text`` into text field identified by ``locator``.</doc>
<arguments>
<arg>id=message</arg>
<arg>${value}</arg>
</arguments>
<msg timestamp="20180624 23:35:20.565" level="INFO">Typing text 'Are you okay ?' into text field 'id=message'.</msg>
<status status="PASS" starttime="20180624 23:35:20.565" endtime="20180624 23:35:20.751"></status>
</kw>
<status status="PASS" starttime="20180624 23:35:20.565" endtime="20180624 23:35:20.751"></status>
</kw>
<kw name="click_send" library="Chat_Page">
<kw name="Click Button" library="Selenium2Library">
<doc>Clicks button identified by ``locator``.</doc>
<arguments>
<arg>xpath=//button[@type='submit']</arg>
</arguments>
<msg timestamp="20180624 23:35:20.752" level="INFO">Clicking button 'xpath=//button[@type='submit']'.</msg>
<status status="PASS" starttime="20180624 23:35:20.752" endtime="20180624 23:35:20.905"></status>
</kw>
<status status="PASS" starttime="20180624 23:35:20.751" endtime="20180624 23:35:20.905"></status>
</kw>
<status status="PASS" starttime="20180624 23:35:20.564" endtime="20180624 23:35:20.905"></status>
</kw>
<kw name="I logout from current user" library="Step_Home_Page">
<kw name="click_setting" library="Home_Page">
<kw name="Wait Until Keyword Succeeds" library="BuiltIn">
<doc>Runs the specified keyword and retries if it fails.</doc>
<arguments>
<arg>10</arg>
<arg>1</arg>
<arg>Click Element</arg>
<arg>xpath=//button[@class='ant-dropdown-trigger sc-fVHxE kXBRzd']</arg>
</arguments>
<kw name="Click Element" library="Selenium2Library">
<doc>Click element identified by ``locator``.</doc>
<arguments>
<arg>xpath=//button[@class='ant-dropdown-trigger sc-fVHxE kXBRzd']</arg>
</arguments>
<msg timestamp="20180624 23:35:20.907" level="INFO">Clicking element 'xpath=//button[@class='ant-dropdown-trigger sc-fVHxE kXBRzd']'.</msg>
<status status="PASS" starttime="20180624 23:35:20.907" endtime="20180624 23:35:20.995"></status>
</kw>
<status status="PASS" starttime="20180624 23:35:20.907" endtime="20180624 23:35:20.995"></status>
</kw>
<status status="PASS" starttime="20180624 23:35:20.906" endtime="20180624 23:35:20.995"></status>
</kw>
<kw name="click_logout" library="Home_Page">
<kw name="Wait Until Element Is Visible" library="Selenium2Library">
<doc>Waits until element ``locator`` is visible.</doc>
<arguments>
<arg>xpath=//li[text()='Log out']</arg>
</arguments>
<status status="PASS" starttime="20180624 23:35:20.996" endtime="20180624 23:35:21.256"></status>
</kw>
<kw name="Wait Until Keyword Succeeds" library="BuiltIn">
<doc>Runs the specified keyword and retries if it fails.</doc>
<arguments>
<arg>10</arg>
<arg>1</arg>
<arg>Click Element</arg>
<arg>xpath=//li[text()='Log out']</arg>
</arguments>
<kw name="Click Element" library="Selenium2Library">
<doc>Click element identified by ``locator``.</doc>
<arguments>
<arg>xpath=//li[text()='Log out']</arg>
</arguments>
<msg timestamp="20180624 23:35:21.257" level="INFO">Clicking element 'xpath=//li[text()='Log out']'.</msg>
<status status="PASS" starttime="20180624 23:35:21.257" endtime="20180624 23:35:21.408"></status>
</kw>
<status status="PASS" starttime="20180624 23:35:21.256" endtime="20180624 23:35:21.408"></status>
</kw>
<status status="PASS" starttime="20180624 23:35:20.996" endtime="20180624 23:35:21.408"></status>
</kw>
<status status="PASS" starttime="20180624 23:35:20.906" endtime="20180624 23:35:21.408"></status>
</kw>
<kw name="I Login with staff user 1" library="Step_Login_Page">
<kw name="set_Username" library="Login_Page">
<arguments>
<arg>narongsak</arg>
</arguments>
<kw name="Input Text" library="Selenium2Library">
<doc>Types the given ``text`` into text field identified by ``locator``.</doc>
<arguments>
<arg>id=username</arg>
<arg>${value}</arg>
</arguments>
<msg timestamp="20180624 23:35:21.412" level="INFO">Typing text 'narongsak' into text field 'id=username'.</msg>
<status status="PASS" starttime="20180624 23:35:21.412" endtime="20180624 23:35:21.518"></status>
</kw>
<status status="PASS" starttime="20180624 23:35:21.411" endtime="20180624 23:35:21.518"></status>
</kw>
<kw name="set_Password" library="Login_Page">
<arguments>
<arg>password</arg>
</arguments>
<kw name="Input Text" library="Selenium2Library">
<doc>Types the given ``text`` into text field identified by ``locator``.</doc>
<arguments>
<arg>id=password</arg>
<arg>${value}</arg>
</arguments>
<msg timestamp="20180624 23:35:21.519" level="INFO">Typing text 'password' into text field 'id=password'.</msg>
<status status="PASS" starttime="20180624 23:35:21.519" endtime="20180624 23:35:21.624"></status>
</kw>
<status status="PASS" starttime="20180624 23:35:21.518" endtime="20180624 23:35:21.624"></status>
</kw>
<kw name="click_Login" library="Login_Page">
<kw name="Click Button" library="Selenium2Library">
<doc>Clicks button identified by ``locator``.</doc>
<arguments>
<arg>xpath=//button[@type='submit']</arg>
</arguments>
<msg timestamp="20180624 23:35:21.625" level="INFO">Clicking button 'xpath=//button[@type='submit']'.</msg>
<status status="PASS" starttime="20180624 23:35:21.625" endtime="20180624 23:35:21.702"></status>
</kw>
<status status="PASS" starttime="20180624 23:35:21.625" endtime="20180624 23:35:21.702"></status>
</kw>
<status status="PASS" starttime="20180624 23:35:21.411" endtime="20180624 23:35:21.702"></status>
</kw>
<kw name="I click skip to close banner" library="Step_Home_Page">
<kw name="click_skip_on_banner" library="Home_Page">
<kw name="Wait Until Keyword Succeeds" library="BuiltIn">
<doc>Runs the specified keyword and retries if it fails.</doc>
<arguments>
<arg>10</arg>
<arg>1</arg>
<arg>Click Element</arg>
<arg>xpath=//a[text()='Skip']</arg>
</arguments>
<kw name="Click Element" library="Selenium2Library">
<doc>Click element identified by ``locator``.</doc>
<arguments>
<arg>xpath=//a[text()='Skip']</arg>
</arguments>
<msg timestamp="20180624 23:35:21.704" level="INFO">Clicking element 'xpath=//a[text()='Skip']'.</msg>
<status status="PASS" starttime="20180624 23:35:21.704" endtime="20180624 23:35:22.511"></status>
</kw>
<status status="PASS" starttime="20180624 23:35:21.704" endtime="20180624 23:35:22.511"></status>
</kw>
<status status="PASS" starttime="20180624 23:35:21.703" endtime="20180624 23:35:22.511"></status>
</kw>
<status status="PASS" starttime="20180624 23:35:21.703" endtime="20180624 23:35:22.511"></status>
</kw>
<kw name="I click create icon" library="Step_Home_Page">
<kw name="click_create_icon" library="Home_Page">
<kw name="Wait Until Keyword Succeeds" library="BuiltIn">
<doc>Runs the specified keyword and retries if it fails.</doc>
<arguments>
<arg>10</arg>
<arg>1</arg>
<arg>Click Button</arg>
<arg>xpath=//button[@type='button']</arg>
</arguments>
<kw name="Click Button" library="Selenium2Library">
<doc>Clicks button identified by ``locator``.</doc>
<arguments>
<arg>xpath=//button[@type='button']</arg>
</arguments>
<msg timestamp="20180624 23:35:22.513" level="INFO">Clicking button 'xpath=//button[@type='button']'.</msg>
<status status="PASS" starttime="20180624 23:35:22.513" endtime="20180624 23:35:22.597"></status>
</kw>
<status status="PASS" starttime="20180624 23:35:22.512" endtime="20180624 23:35:22.597"></status>
</kw>
<status status="PASS" starttime="20180624 23:35:22.512" endtime="20180624 23:35:22.597"></status>
</kw>
<status status="PASS" starttime="20180624 23:35:22.512" endtime="20180624 23:35:22.597"></status>
</kw>
<kw name="I click direct message" library="Step_Home_Page">
<kw name="click_direct_message" library="Home_Page">
<kw name="Wait Until Keyword Succeeds" library="BuiltIn">
<doc>Runs the specified keyword and retries if it fails.</doc>
<arguments>
<arg>10</arg>
<arg>1</arg>
<arg>Click Element</arg>
<arg>xpath=//div[@class='ant-dropdown ant-dropdown-placement-bottomLeft']/ul/li[1]</arg>
</arguments>
<kw name="Click Element" library="Selenium2Library">
<doc>Click element identified by ``locator``.</doc>
<arguments>
<arg>xpath=//div[@class='ant-dropdown ant-dropdown-placement-bottomLeft']/ul/li[1]</arg>
</arguments>
<msg timestamp="20180624 23:35:22.599" level="INFO">Clicking element 'xpath=//div[@class='ant-dropdown ant-dropdown-placement-bottomLeft']/ul/li[1]'.</msg>
<status status="PASS" starttime="20180624 23:35:22.598" endtime="20180624 23:35:22.970"></status>
</kw>
<status status="PASS" starttime="20180624 23:35:22.598" endtime="20180624 23:35:22.971"></status>
</kw>
<status status="PASS" starttime="20180624 23:35:22.598" endtime="20180624 23:35:22.971"></status>
</kw>
<status status="PASS" starttime="20180624 23:35:22.597" endtime="20180624 23:35:22.971"></status>
</kw>
<kw name="I input name in search box" library="Step_Home_Page">
<arguments>
<arg>lek@ekoapp.com</arg>
</arguments>
<kw name="set_name" library="Home_Page">
<arguments>
<arg>${value}</arg>
</arguments>
<kw name="Input Text" library="Selenium2Library">
<doc>Types the given ``text`` into text field identified by ``locator``.</doc>
<arguments>
<arg>xpath=//div[@class='ant-modal-body']//input[@type='search']</arg>
<arg>${value}</arg>
</arguments>
<msg timestamp="20180624 23:35:22.972" level="INFO">Typing text 'lek@ekoapp.com' into text field 'xpath=//div[@class='ant-modal-body']//input[@type='search']'.</msg>
<status status="PASS" starttime="20180624 23:35:22.972" endtime="20180624 23:35:23.165"></status>
</kw>
<status status="PASS" starttime="20180624 23:35:22.972" endtime="20180624 23:35:23.165"></status>
</kw>
<status status="PASS" starttime="20180624 23:35:22.971" endtime="20180624 23:35:23.165"></status>
</kw>
<kw name="I click the searched name" library="Step_Home_Page">
<kw name="click_searched_name" library="Home_Page">
<kw name="Wait Until Keyword Succeeds" library="BuiltIn">
<doc>Runs the specified keyword and retries if it fails.</doc>
<arguments>
<arg>10</arg>
<arg>1</arg>
<arg>Click Element</arg>
<arg>xpath=//div[@class='ant-modal-content']/div[2]/div/div/div[2]/div/div</arg>
</arguments>
<kw name="Click Element" library="Selenium2Library">
<doc>Click element identified by ``locator``.</doc>
<arguments>
<arg>xpath=//div[@class='ant-modal-content']/div[2]/div/div/div[2]/div/div</arg>
</arguments>
<msg timestamp="20180624 23:35:23.167" level="INFO">Clicking element 'xpath=//div[@class='ant-modal-content']/div[2]/div/div/div[2]/div/div'.</msg>
<status status="PASS" starttime="20180624 23:35:23.167" endtime="20180624 23:35:23.447"></status>
</kw>
<status status="PASS" starttime="20180624 23:35:23.166" endtime="20180624 23:35:23.447"></status>
</kw>
<status status="PASS" starttime="20180624 23:35:23.166" endtime="20180624 23:35:23.447"></status>
</kw>
<status status="PASS" starttime="20180624 23:35:23.166" endtime="20180624 23:35:23.447"></status>
</kw>
<kw name="I check second message from last:" library="Step_Chat">
<arguments>
<arg>Hi Narongsak !</arg>
</arguments>
<kw name="check_second_last_message" library="Chat_Page">
<arguments>
<arg>${value}</arg>
</arguments>
<kw name="Wait Until Page Contains Element" library="Selenium2Library">
<doc>Waits until element ``locator`` appears on current page.</doc>
<arguments>
<arg>xpath=//div[@style='padding-bottom: 30px;']/div/div/div/div/p/span[1]</arg>
</arguments>
<status status="PASS" starttime="20180624 23:35:23.449" endtime="20180624 23:35:23.668"></status>
</kw>
<kw name="Sleep" library="BuiltIn">
<doc>Pauses the test executed for the given time.</doc>
<arguments>
<arg>1s</arg>
</arguments>
<msg timestamp="20180624 23:35:24.670" level="INFO">Slept 1 second</msg>
<status status="PASS" starttime="20180624 23:35:23.668" endtime="20180624 23:35:24.670"></status>
</kw>
<kw name="Get Matching Xpath Count" library="Selenium2Library">
<doc>Deprecated. Use `Get Element Count` instead.</doc>
<arguments>
<arg>//div[@style='padding-bottom: 30px;']/div/div/div/div/p/span[1]</arg>
</arguments>
<assign>
<var>${size}</var>
</assign>
<msg timestamp="20180624 23:35:24.686" level="INFO">${size} = 21</msg>
<status status="PASS" starttime="20180624 23:35:24.670" endtime="20180624 23:35:24.686"></status>
</kw>
<kw name="Get Text" library="Selenium2Library">
<doc>Returns the text value of element identified by ``locator``.</doc>
<arguments>
<arg>//div[@style='padding-bottom: 30px;']/div[${size}]/div/div/div/p/span[1]</arg>
</arguments>
<assign>
<var>${get_last_two_text}</var>
</assign>
<msg timestamp="20180624 23:35:24.746" level="INFO">${get_last_two_text} = Hi Narongsak !</msg>
<status status="PASS" starttime="20180624 23:35:24.686" endtime="20180624 23:35:24.746"></status>
</kw>
<kw name="Should Contain" library="BuiltIn">
<doc>Fails if ``container`` does not contain ``item`` one or more times.</doc>
<arguments>
<arg>${get_last_two_text}</arg>
<arg>${value}</arg>
</arguments>
<status status="PASS" starttime="20180624 23:35:24.746" endtime="20180624 23:35:24.747"></status>
</kw>
<status status="PASS" starttime="20180624 23:35:23.448" endtime="20180624 23:35:24.747"></status>
</kw>
<status status="PASS" starttime="20180624 23:35:23.448" endtime="20180624 23:35:24.747"></status>
</kw>
<kw name="I check last message as:" library="Step_Chat">
<arguments>
<arg>Are you okay ?</arg>
</arguments>
<kw name="check_last_message" library="Chat_Page">
<arguments>
<arg>${value}</arg>
</arguments>
<kw name="Wait Until Page Contains Element" library="Selenium2Library">
<doc>Waits until element ``locator`` appears on current page.</doc>
<arguments>
<arg>xpath=//div[@style='padding-bottom: 30px;']/div/div/div/div/p/span[1]</arg>
</arguments>
<status status="PASS" starttime="20180624 23:35:24.748" endtime="20180624 23:35:24.757"></status>
</kw>
<kw name="Sleep" library="BuiltIn">
<doc>Pauses the test executed for the given time.</doc>
<arguments>
<arg>1s</arg>
</arguments>
<msg timestamp="20180624 23:35:25.760" level="INFO">Slept 1 second</msg>
<status status="PASS" starttime="20180624 23:35:24.758" endtime="20180624 23:35:25.760"></status>
</kw>
<kw name="Get Matching Xpath Count" library="Selenium2Library">
<doc>Deprecated. Use `Get Element Count` instead.</doc>
<arguments>
<arg>//div[@style='padding-bottom: 30px;']/div/div/div/div/p/span[1]</arg>
</arguments>
<assign>
<var>${size}</var>
</assign>
<msg timestamp="20180624 23:35:25.775" level="INFO">${size} = 21</msg>
<status status="PASS" starttime="20180624 23:35:25.760" endtime="20180624 23:35:25.775"></status>
</kw>
<kw name="Evaluate" library="BuiltIn">
<doc>Evaluates the given expression in Python and returns the results.</doc>
<arguments>
<arg>${size} + 1</arg>
</arguments>
<assign>
<var>${size}</var>
</assign>
<msg timestamp="20180624 23:35:25.776" level="INFO">${size} = 22</msg>
<status status="PASS" starttime="20180624 23:35:25.776" endtime="20180624 23:35:25.776"></status>
</kw>
<kw name="Get Text" library="Selenium2Library">
<doc>Returns the text value of element identified by ``locator``.</doc>
<arguments>
<arg>//div[@style='padding-bottom: 30px;']/div[${size}]/div/div/div/p/span[1]</arg>
</arguments>
<assign>
<var>${get_last_text}</var>
</assign>
<msg timestamp="20180624 23:35:25.832" level="INFO">${get_last_text} = Are you okay ?</msg>
<status status="PASS" starttime="20180624 23:35:25.777" endtime="20180624 23:35:25.832"></status>
</kw>
<kw name="Should Contain" library="BuiltIn">
<doc>Fails if ``container`` does not contain ``item`` one or more times.</doc>
<arguments>
<arg>${get_last_text}</arg>
<arg>${value}</arg>
</arguments>
<status status="PASS" starttime="20180624 23:35:25.833" endtime="20180624 23:35:25.833"></status>
</kw>
<status status="PASS" starttime="20180624 23:35:24.748" endtime="20180624 23:35:25.833"></status>
</kw>
<status status="PASS" starttime="20180624 23:35:24.747" endtime="20180624 23:35:25.833"></status>
</kw>
<kw name="I input message as" library="Step_Chat">
<arguments>
<arg>I'm fine</arg>
</arguments>
<kw name="set chat message" library="Chat_Page">
<arguments>
<arg>${value}</arg>
</arguments>
<kw name="Input Text" library="Selenium2Library">
<doc>Types the given ``text`` into text field identified by ``locator``.</doc>
<arguments>
<arg>id=message</arg>
<arg>${value}</arg>
</arguments>
<msg timestamp="20180624 23:35:25.834" level="INFO">Typing text 'I'm fine' into text field 'id=message'.</msg>
<status status="PASS" starttime="20180624 23:35:25.834" endtime="20180624 23:35:25.980"></status>
</kw>
<status status="PASS" starttime="20180624 23:35:25.834" endtime="20180624 23:35:25.981"></status>
</kw>
<kw name="click_send" library="Chat_Page">
<kw name="Click Button" library="Selenium2Library">
<doc>Clicks button identified by ``locator``.</doc>
<arguments>
<arg>xpath=//button[@type='submit']</arg>
</arguments>
<msg timestamp="20180624 23:35:25.981" level="INFO">Clicking button 'xpath=//button[@type='submit']'.</msg>
<status status="PASS" starttime="20180624 23:35:25.981" endtime="20180624 23:35:26.105"></status>
</kw>
<status status="PASS" starttime="20180624 23:35:25.981" endtime="20180624 23:35:26.105"></status>
</kw>
<status status="PASS" starttime="20180624 23:35:25.834" endtime="20180624 23:35:26.105"></status>
</kw>
<kw name="I Close Eko website" library="Step_Abstract_Page" type="teardown">
<kw name="end_web_test" library="Abstract_Page">
<kw name="Close Browser" library="Selenium2Library">
<doc>Closes the current browser.</doc>
<status status="PASS" starttime="20180624 23:35:26.107" endtime="20180624 23:35:28.350"></status>
</kw>
<status status="PASS" starttime="20180624 23:35:26.106" endtime="20180624 23:35:28.350"></status>
</kw>
<status status="PASS" starttime="20180624 23:35:26.106" endtime="20180624 23:35:28.351"></status>
</kw>
<tags>
<tag>First</tag>
</tags>
<status status="PASS" starttime="20180624 23:35:11.337" endtime="20180624 23:35:28.351" critical="yes"></status>
</test>
<test id="s1-t2" name="Scenario 2: Verify group chat creation">
<kw name="Run Keywords" library="BuiltIn" type="setup">
<doc>Executes all the given keywords in a sequence.</doc>
<arguments>
<arg>I Open Eko website</arg>
</arguments>
<kw name="I Open Eko website" library="Step_Abstract_Page">
<kw name="begin_web_test" library="Abstract_Page">
<kw name="Open Browser" library="Selenium2Library">
<doc>Opens a new browser instance to the given ``url``.</doc>
<arguments>
<arg>${variable_URL}</arg>
<arg>${variable_Browser}</arg>
</arguments>
<msg timestamp="20180624 23:35:28.358" level="INFO">Opening browser 'Chrome' to base url 'https://stagingekos.ekoapp.com/recents'.</msg>
<status status="PASS" starttime="20180624 23:35:28.357" endtime="20180624 23:35:32.138"></status>
</kw>
<kw name="Maximize Browser Window" library="Selenium2Library">
<doc>Maximizes current browser window.</doc>
<status status="PASS" starttime="20180624 23:35:32.138" endtime="20180624 23:35:33.273"></status>
</kw>
<kw name="Set Selenium Implicit Wait" library="Selenium2Library">
<doc>Sets the implicit wait value used by Selenium.</doc>
<arguments>
<arg>20</arg>
</arguments>
<status status="PASS" starttime="20180624 23:35:33.274" endtime="20180624 23:35:33.276"></status>
</kw>
<status status="PASS" starttime="20180624 23:35:28.357" endtime="20180624 23:35:33.276"></status>
</kw>
<status status="PASS" starttime="20180624 23:35:28.356" endtime="20180624 23:35:33.276"></status>
</kw>
<status status="PASS" starttime="20180624 23:35:28.355" endtime="20180624 23:35:33.276"></status>
</kw>
<kw name="I Login with admin user" library="Step_Login_Page">
<kw name="set_Username" library="Login_Page">
<arguments>
<arg>lek@ekoapp.com</arg>
</arguments>
<kw name="Input Text" library="Selenium2Library">
<doc>Types the given ``text`` into text field identified by ``locator``.</doc>
<arguments>
<arg>id=username</arg>
<arg>${value}</arg>
</arguments>
<msg timestamp="20180624 23:35:33.279" level="INFO">Typing text 'lek@ekoapp.com' into text field 'id=username'.</msg>
<status status="PASS" starttime="20180624 23:35:33.278" endtime="20180624 23:35:33.470"></status>
</kw>
<status status="PASS" starttime="20180624 23:35:33.278" endtime="20180624 23:35:33.470"></status>
</kw>
<kw name="set_Password" library="Login_Page">
<arguments>
<arg>password</arg>
</arguments>
<kw name="Input Text" library="Selenium2Library">
<doc>Types the given ``text`` into text field identified by ``locator``.</doc>
<arguments>
<arg>id=password</arg>
<arg>${value}</arg>
</arguments>
<msg timestamp="20180624 23:35:33.471" level="INFO">Typing text 'password' into text field 'id=password'.</msg>
<status status="PASS" starttime="20180624 23:35:33.471" endtime="20180624 23:35:33.576"></status>
</kw>
<status status="PASS" starttime="20180624 23:35:33.470" endtime="20180624 23:35:33.576"></status>
</kw>
<kw name="click_Login" library="Login_Page">
<kw name="Click Button" library="Selenium2Library">
<doc>Clicks button identified by ``locator``.</doc>
<arguments>
<arg>xpath=//button[@type='submit']</arg>
</arguments>
<msg timestamp="20180624 23:35:33.577" level="INFO">Clicking button 'xpath=//button[@type='submit']'.</msg>
<status status="PASS" starttime="20180624 23:35:33.577" endtime="20180624 23:35:33.665"></status>
</kw>
<status status="PASS" starttime="20180624 23:35:33.577" endtime="20180624 23:35:33.666"></status>
</kw>
<status status="PASS" starttime="20180624 23:35:33.277" endtime="20180624 23:35:33.666"></status>
</kw>
<kw name="I click skip to close banner" library="Step_Home_Page">
<kw name="click_skip_on_banner" library="Home_Page">
<kw name="Wait Until Keyword Succeeds" library="BuiltIn">
<doc>Runs the specified keyword and retries if it fails.</doc>
<arguments>
<arg>10</arg>
<arg>1</arg>
<arg>Click Element</arg>
<arg>xpath=//a[text()='Skip']</arg>
</arguments>
<kw name="Click Element" library="Selenium2Library">
<doc>Click element identified by ``locator``.</doc>
<arguments>
<arg>xpath=//a[text()='Skip']</arg>
</arguments>
<msg timestamp="20180624 23:35:33.668" level="INFO">Clicking element 'xpath=//a[text()='Skip']'.</msg>
<status status="PASS" starttime="20180624 23:35:33.668" endtime="20180624 23:35:35.070"></status>
</kw>
<status status="PASS" starttime="20180624 23:35:33.667" endtime="20180624 23:35:35.070"></status>
</kw>
<status status="PASS" starttime="20180624 23:35:33.667" endtime="20180624 23:35:35.071"></status>
</kw>
<status status="PASS" starttime="20180624 23:35:33.667" endtime="20180624 23:35:35.071"></status>
</kw>
<kw name="I click create icon" library="Step_Home_Page">
<kw name="click_create_icon" library="Home_Page">
<kw name="Wait Until Keyword Succeeds" library="BuiltIn">
<doc>Runs the specified keyword and retries if it fails.</doc>
<arguments>
<arg>10</arg>
<arg>1</arg>
<arg>Click Button</arg>
<arg>xpath=//button[@type='button']</arg>
</arguments>
<kw name="Click Button" library="Selenium2Library">
<doc>Clicks button identified by ``locator``.</doc>
<arguments>
<arg>xpath=//button[@type='button']</arg>
</arguments>
<msg timestamp="20180624 23:35:35.072" level="INFO">Clicking button 'xpath=//button[@type='button']'.</msg>
<status status="PASS" starttime="20180624 23:35:35.072" endtime="20180624 23:35:35.173"></status>
</kw>
<status status="PASS" starttime="20180624 23:35:35.072" endtime="20180624 23:35:35.173"></status>
</kw>
<status status="PASS" starttime="20180624 23:35:35.071" endtime="20180624 23:35:35.173"></status>
</kw>
<status status="PASS" starttime="20180624 23:35:35.071" endtime="20180624 23:35:35.173"></status>
</kw>
<kw name="I click group chat" library="Step_Home_Page">
<kw name="click_group_chat" library="Home_Page">
<kw name="Wait Until Keyword Succeeds" library="BuiltIn">
<doc>Runs the specified keyword and retries if it fails.</doc>
<arguments>
<arg>10</arg>
<arg>1</arg>
<arg>Click Element</arg>
<arg>xpath=//div[@class='ant-dropdown ant-dropdown-placement-bottomLeft']/ul/li[2]</arg>
</arguments>
<kw name="Click Element" library="Selenium2Library">
<doc>Click element identified by ``locator``.</doc>
<arguments>
<arg>xpath=//div[@class='ant-dropdown ant-dropdown-placement-bottomLeft']/ul/li[2]</arg>
</arguments>
<msg timestamp="20180624 23:35:35.174" level="INFO">Clicking element 'xpath=//div[@class='ant-dropdown ant-dropdown-placement-bottomLeft']/ul/li[2]'.</msg>
<status status="PASS" starttime="20180624 23:35:35.174" endtime="20180624 23:35:35.551"></status>
</kw>
<status status="PASS" starttime="20180624 23:35:35.174" endtime="20180624 23:35:35.551"></status>
</kw>
<status status="PASS" starttime="20180624 23:35:35.174" endtime="20180624 23:35:35.551"></status>
</kw>
<status status="PASS" starttime="20180624 23:35:35.173" endtime="20180624 23:35:35.551"></status>
</kw>
<kw name="I clik member name" library="Step_Home_Page">
<arguments>
<arg>narongsak</arg>
</arguments>
<kw name="click member name" library="Home_Page">
<arguments>
<arg>${value}</arg>
</arguments>
<kw name="Wait Until Keyword Succeeds" library="BuiltIn">
<doc>Runs the specified keyword and retries if it fails.</doc>
<arguments>
<arg>10</arg>
<arg>1</arg>
<arg>Click Element</arg>
<arg>xpath=//div[@class='ant-modal-body']//h4[text()='${value}']</arg>
</arguments>
<kw name="Click Element" library="Selenium2Library">
<doc>Click element identified by ``locator``.</doc>
<arguments>
<arg>xpath=//div[@class='ant-modal-body']//h4[text()='${value}']</arg>
</arguments>
<msg timestamp="20180624 23:35:35.553" level="INFO">Clicking element 'xpath=//div[@class='ant-modal-body']//h4[text()='narongsak']'.</msg>
<status status="PASS" starttime="20180624 23:35:35.553" endtime="20180624 23:35:35.684"></status>
</kw>
<status status="PASS" starttime="20180624 23:35:35.553" endtime="20180624 23:35:35.685"></status>
</kw>
<status status="PASS" starttime="20180624 23:35:35.552" endtime="20180624 23:35:35.685"></status>
</kw>
<status status="PASS" starttime="20180624 23:35:35.552" endtime="20180624 23:35:35.685"></status>
</kw>
<kw name="I clik member name" library="Step_Home_Page">
<arguments>
<arg>sakulchaikeaw</arg>
</arguments>
<kw name="click member name" library="Home_Page">
<arguments>
<arg>${value}</arg>
</arguments>
<kw name="Wait Until Keyword Succeeds" library="BuiltIn">
<doc>Runs the specified keyword and retries if it fails.</doc>
<arguments>
<arg>10</arg>
<arg>1</arg>
<arg>Click Element</arg>
<arg>xpath=//div[@class='ant-modal-body']//h4[text()='${value}']</arg>
</arguments>
<kw name="Click Element" library="Selenium2Library">
<doc>Click element identified by ``locator``.</doc>
<arguments>
<arg>xpath=//div[@class='ant-modal-body']//h4[text()='${value}']</arg>
</arguments>
<msg timestamp="20180624 23:35:35.686" level="INFO">Clicking element 'xpath=//div[@class='ant-modal-body']//h4[text()='sakulchaikeaw']'.</msg>
<status status="PASS" starttime="20180624 23:35:35.686" endtime="20180624 23:35:35.756"></status>
</kw>
<status status="PASS" starttime="20180624 23:35:35.686" endtime="20180624 23:35:35.756"></status>
</kw>
<status status="PASS" starttime="20180624 23:35:35.686" endtime="20180624 23:35:35.757"></status>
</kw>
<status status="PASS" starttime="20180624 23:35:35.685" endtime="20180624 23:35:35.757"></status>
</kw>
<kw name="I click next button" library="Step_Home_Page">
<kw name="click next" library="Home_Page">
<kw name="Wait Until Keyword Succeeds" library="BuiltIn">
<doc>Runs the specified keyword and retries if it fails.</doc>
<arguments>
<arg>10</arg>
<arg>1</arg>
<arg>Click Element</arg>
<arg>xpath=//div[@class='ant-modal-footer sc-TuwoP dHtEUr']/div/button[2]</arg>
</arguments>
<kw name="Click Element" library="Selenium2Library">
<doc>Click element identified by ``locator``.</doc>
<arguments>
<arg>xpath=//div[@class='ant-modal-footer sc-TuwoP dHtEUr']/div/button[2]</arg>
</arguments>
<msg timestamp="20180624 23:35:35.758" level="INFO">Clicking element 'xpath=//div[@class='ant-modal-footer sc-TuwoP dHtEUr']/div/button[2]'.</msg>
<status status="PASS" starttime="20180624 23:35:35.758" endtime="20180624 23:35:35.832"></status>
</kw>
<status status="PASS" starttime="20180624 23:35:35.758" endtime="20180624 23:35:35.832"></status>
</kw>
<status status="PASS" starttime="20180624 23:35:35.757" endtime="20180624 23:35:35.833"></status>
</kw>
<status status="PASS" starttime="20180624 23:35:35.757" endtime="20180624 23:35:35.833"></status>
</kw>
<kw name="I input group chat name" library="Step_Home_Page">
<arguments>
<arg>Lek Group Chat</arg>
</arguments>
<kw name="set_groupchat_name" library="Home_Page">
<arguments>
<arg>${value}</arg>
</arguments>
<kw name="Input Text" library="Selenium2Library">
<doc>Types the given ``text`` into text field identified by ``locator``.</doc>
<arguments>
<arg>xpath=//div[@class='ant-form-item-control-wrapper']/div/input</arg>
<arg>${value}</arg>
</arguments>
<msg timestamp="20180624 23:35:35.834" level="INFO">Typing text 'Lek Group Chat' into text field 'xpath=//div[@class='ant-form-item-control-wrapper']/div/input'.</msg>
<status status="PASS" starttime="20180624 23:35:35.834" endtime="20180624 23:35:35.973"></status>
</kw>
<status status="PASS" starttime="20180624 23:35:35.833" endtime="20180624 23:35:35.973"></status>
</kw>
<status status="PASS" starttime="20180624 23:35:35.833" endtime="20180624 23:35:35.973"></status>
</kw>
<kw name="I click next button" library="Step_Home_Page">
<kw name="click next" library="Home_Page">
<kw name="Wait Until Keyword Succeeds" library="BuiltIn">
<doc>Runs the specified keyword and retries if it fails.</doc>
<arguments>
<arg>10</arg>
<arg>1</arg>
<arg>Click Element</arg>
<arg>xpath=//div[@class='ant-modal-footer sc-TuwoP dHtEUr']/div/button[2]</arg>
</arguments>
<kw name="Click Element" library="Selenium2Library">
<doc>Click element identified by ``locator``.</doc>
<arguments>
<arg>xpath=//div[@class='ant-modal-footer sc-TuwoP dHtEUr']/div/button[2]</arg>
</arguments>
<msg timestamp="20180624 23:35:35.976" level="INFO">Clicking element 'xpath=//div[@class='ant-modal-footer sc-TuwoP dHtEUr']/div/button[2]'.</msg>
<status status="PASS" starttime="20180624 23:35:35.975" endtime="20180624 23:35:36.043"></status>
</kw>
<status status="PASS" starttime="20180624 23:35:35.974" endtime="20180624 23:35:36.043"></status>
</kw>
<status status="PASS" starttime="20180624 23:35:35.974" endtime="20180624 23:35:36.043"></status>
</kw>
<status status="PASS" starttime="20180624 23:35:35.973" endtime="20180624 23:35:36.043"></status>
</kw>
<kw name="I check name in the chat list" library="Step_Home_Page">
<arguments>
<arg>Lek Group Chat</arg>
</arguments>
<kw name="check_name_in_chat_list" library="Home_Page">
<arguments>
<arg>${value}</arg>
</arguments>
<kw name="Wait Until Element Is Visible" library="Selenium2Library">
<doc>Waits until element ``locator`` is visible.</doc>
<arguments>
<arg>xpath=//div[@class='sc-hzDkRC fzkjjA']/div/div[@title='${value}']</arg>
</arguments>
<status status="PASS" starttime="20180624 23:35:36.045" endtime="20180624 23:35:36.636"></status>
</kw>
<status status="PASS" starttime="20180624 23:35:36.044" endtime="20180624 23:35:36.636"></status>
</kw>
<status status="PASS" starttime="20180624 23:35:36.044" endtime="20180624 23:35:36.636"></status>
</kw>
<kw name="I Close Eko website" library="Step_Abstract_Page" type="teardown">
<kw name="end_web_test" library="Abstract_Page">
<kw name="Close Browser" library="Selenium2Library">
<doc>Closes the current browser.</doc>
<status status="PASS" starttime="20180624 23:35:36.638" endtime="20180624 23:35:38.859"></status>
</kw>
<status status="PASS" starttime="20180624 23:35:36.638" endtime="20180624 23:35:38.859"></status>
</kw>
<status status="PASS" starttime="20180624 23:35:36.638" endtime="20180624 23:35:38.860"></status>
</kw>
<tags>
<tag>Second</tag>
</tags>
<status status="PASS" starttime="20180624 23:35:28.354" endtime="20180624 23:35:38.860" critical="yes"></status>
</test>
<test id="s1-t3" name="Scenario 3: Verify created topic in group chat">
<kw name="Run Keywords" library="BuiltIn" type="setup">
<doc>Executes all the given keywords in a sequence.</doc>
<arguments>
<arg>I Open Eko website</arg>
</arguments>
<kw name="I Open Eko website" library="Step_Abstract_Page">
<kw name="begin_web_test" library="Abstract_Page">
<kw name="Open Browser" library="Selenium2Library">
<doc>Opens a new browser instance to the given ``url``.</doc>
<arguments>
<arg>${variable_URL}</arg>
<arg>${variable_Browser}</arg>
</arguments>
<msg timestamp="20180624 23:35:38.866" level="INFO">Opening browser 'Chrome' to base url 'https://stagingekos.ekoapp.com/recents'.</msg>
<status status="PASS" starttime="20180624 23:35:38.865" endtime="20180624 23:35:42.533"></status>
</kw>
<kw name="Maximize Browser Window" library="Selenium2Library">
<doc>Maximizes current browser window.</doc>
<status status="PASS" starttime="20180624 23:35:42.533" endtime="20180624 23:35:43.666"></status>
</kw>
<kw name="Set Selenium Implicit Wait" library="Selenium2Library">
<doc>Sets the implicit wait value used by Selenium.</doc>
<arguments>
<arg>20</arg>
</arguments>
<status status="PASS" starttime="20180624 23:35:43.667" endtime="20180624 23:35:43.668"></status>
</kw>
<status status="PASS" starttime="20180624 23:35:38.865" endtime="20180624 23:35:43.669"></status>
</kw>
<status status="PASS" starttime="20180624 23:35:38.864" endtime="20180624 23:35:43.669"></status>
</kw>
<status status="PASS" starttime="20180624 23:35:38.864" endtime="20180624 23:35:43.669"></status>
</kw>
<kw name="I Login with admin user" library="Step_Login_Page">
<kw name="set_Username" library="Login_Page">
<arguments>
<arg>lek@ekoapp.com</arg>
</arguments>
<kw name="Input Text" library="Selenium2Library">
<doc>Types the given ``text`` into text field identified by ``locator``.</doc>
<arguments>
<arg>id=username</arg>
<arg>${value}</arg>
</arguments>
<msg timestamp="20180624 23:35:43.672" level="INFO">Typing text 'lek@ekoapp.com' into text field 'id=username'.</msg>
<status status="PASS" starttime="20180624 23:35:43.671" endtime="20180624 23:35:43.849"></status>
</kw>
<status status="PASS" starttime="20180624 23:35:43.671" endtime="20180624 23:35:43.849"></status>
</kw>
<kw name="set_Password" library="Login_Page">
<arguments>
<arg>password</arg>
</arguments>
<kw name="Input Text" library="Selenium2Library">
<doc>Types the given ``text`` into text field identified by ``locator``.</doc>
<arguments>
<arg>id=password</arg>
<arg>${value}</arg>
</arguments>
<msg timestamp="20180624 23:35:43.850" level="INFO">Typing text 'password' into text field 'id=password'.</msg>
<status status="PASS" starttime="20180624 23:35:43.849" endtime="20180624 23:35:43.962"></status>
</kw>
<status status="PASS" starttime="20180624 23:35:43.849" endtime="20180624 23:35:43.962"></status>
</kw>
<kw name="click_Login" library="Login_Page">
<kw name="Click Button" library="Selenium2Library">
<doc>Clicks button identified by ``locator``.</doc>
<arguments>
<arg>xpath=//button[@type='submit']</arg>
</arguments>
<msg timestamp="20180624 23:35:43.963" level="INFO">Clicking button 'xpath=//button[@type='submit']'.</msg>
<status status="PASS" starttime="20180624 23:35:43.962" endtime="20180624 23:35:44.054"></status>
</kw>
<status status="PASS" starttime="20180624 23:35:43.962" endtime="20180624 23:35:44.054"></status>
</kw>
<status status="PASS" starttime="20180624 23:35:43.670" endtime="20180624 23:35:44.054"></status>
</kw>
<kw name="I click skip to close banner" library="Step_Home_Page">
<kw name="click_skip_on_banner" library="Home_Page">
<kw name="Wait Until Keyword Succeeds" library="BuiltIn">
<doc>Runs the specified keyword and retries if it fails.</doc>
<arguments>
<arg>10</arg>
<arg>1</arg>
<arg>Click Element</arg>
<arg>xpath=//a[text()='Skip']</arg>
</arguments>
<kw name="Click Element" library="Selenium2Library">
<doc>Click element identified by ``locator``.</doc>
<arguments>
<arg>xpath=//a[text()='Skip']</arg>
</arguments>
<msg timestamp="20180624 23:35:44.056" level="INFO">Clicking element 'xpath=//a[text()='Skip']'.</msg>
<status status="PASS" starttime="20180624 23:35:44.056" endtime="20180624 23:35:45.421"></status>
</kw>
<status status="PASS" starttime="20180624 23:35:44.056" endtime="20180624 23:35:45.421"></status>
</kw>
<status status="PASS" starttime="20180624 23:35:44.055" endtime="20180624 23:35:45.421"></status>
</kw>
<status status="PASS" starttime="20180624 23:35:44.055" endtime="20180624 23:35:45.421"></status>
</kw>
<kw name="I click name in the chat list" library="Step_Home_Page">
<arguments>
<arg>Lek Group Chat</arg>
</arguments>
<kw name="click_chat_name_in_chat_list" library="Home_Page">
<arguments>
<arg>${value}</arg>
</arguments>
<kw name="Wait Until Keyword Succeeds" library="BuiltIn">
<doc>Runs the specified keyword and retries if it fails.</doc>
<arguments>
<arg>10</arg>
<arg>1</arg>
<arg>Click Element</arg>
<arg>xpath=//div[@class='sc-hzDkRC fzkjjA']/div/div[@title='${value}']</arg>
</arguments>
<kw name="Click Element" library="Selenium2Library">
<doc>Click element identified by ``locator``.</doc>
<arguments>
<arg>xpath=//div[@class='sc-hzDkRC fzkjjA']/div/div[@title='${value}']</arg>
</arguments>
<msg timestamp="20180624 23:35:45.423" level="INFO">Clicking element 'xpath=//div[@class='sc-hzDkRC fzkjjA']/div/div[@title='Lek Group Chat']'.</msg>
<status status="PASS" starttime="20180624 23:35:45.423" endtime="20180624 23:35:45.634"></status>
</kw>
<status status="PASS" starttime="20180624 23:35:45.422" endtime="20180624 23:35:45.634"></status>
</kw>
<status status="PASS" starttime="20180624 23:35:45.422" endtime="20180624 23:35:45.634"></status>
</kw>
<status status="PASS" starttime="20180624 23:35:45.421" endtime="20180624 23:35:45.634"></status>
</kw>
<kw name="I click topics menu" library="Step_Chat">
<kw name="click_topics" library="Chat_Page">
<kw name="Wait Until Keyword Succeeds" library="BuiltIn">
<doc>Runs the specified keyword and retries if it fails.</doc>
<arguments>
<arg>10</arg>
<arg>1</arg>
<arg>Click Element</arg>
<arg>xpath=//div[@class='ant-tabs-nav ant-tabs-nav-animated']/div[3]</arg>
</arguments>
<kw name="Click Element" library="Selenium2Library">
<doc>Click element identified by ``locator``.</doc>
<arguments>
<arg>xpath=//div[@class='ant-tabs-nav ant-tabs-nav-animated']/div[3]</arg>
</arguments>
<msg timestamp="20180624 23:35:45.637" level="INFO">Clicking element 'xpath=//div[@class='ant-tabs-nav ant-tabs-nav-animated']/div[3]'.</msg>
<status status="PASS" starttime="20180624 23:35:45.636" endtime="20180624 23:35:45.883"></status>
</kw>
<status status="PASS" starttime="20180624 23:35:45.636" endtime="20180624 23:35:45.883"></status>
</kw>
<status status="PASS" starttime="20180624 23:35:45.636" endtime="20180624 23:35:45.884"></status>
</kw>
<status status="PASS" starttime="20180624 23:35:45.635" endtime="20180624 23:35:45.884"></status>
</kw>
<kw name="I input topic name" library="Step_Chat">
<arguments>
<arg>Animal</arg>
</arguments>
<kw name="set_topic_name" library="Chat_Page">
<arguments>
<arg>${value}</arg>
</arguments>
<kw name="Input Text" library="Selenium2Library">
<doc>Types the given ``text`` into text field identified by ``locator``.</doc>
<arguments>
<arg>xpath=//div[@class='sc-cBrjTV iGGLDy sc-htoDjs btMmqC']/div/form/div/div/span/input</arg>
<arg>${value}</arg>
</arguments>
<msg timestamp="20180624 23:35:45.887" level="INFO">Typing text 'Animal' into text field 'xpath=//div[@class='sc-cBrjTV iGGLDy sc-htoDjs btMmqC']/div/form/div/div/span/input'.</msg>
<status status="PASS" starttime="20180624 23:35:45.886" endtime="20180624 23:35:46.002"></status>
</kw>
<status status="PASS" starttime="20180624 23:35:45.886" endtime="20180624 23:35:46.002"></status>
</kw>
<status status="PASS" starttime="20180624 23:35:45.885" endtime="20180624 23:35:46.002"></status>
</kw>
<kw name="I click submit" library="Step_Chat">
<kw name="click submit" library="Chat_Page">
<kw name="Wait Until Keyword Succeeds" library="BuiltIn">
<doc>Runs the specified keyword and retries if it fails.</doc>
<arguments>
<arg>10</arg>
<arg>1</arg>
<arg>Click Element</arg>
<arg>xpath=//button[@type='submit']</arg>
</arguments>
<kw name="Click Element" library="Selenium2Library">
<doc>Click element identified by ``locator``.</doc>
<arguments>
<arg>xpath=//button[@type='submit']</arg>
</arguments>
<msg timestamp="20180624 23:35:46.004" level="INFO">Clicking element 'xpath=//button[@type='submit']'.</msg>
<status status="PASS" starttime="20180624 23:35:46.004" endtime="20180624 23:35:46.104"></status>
</kw>
<status status="PASS" starttime="20180624 23:35:46.003" endtime="20180624 23:35:46.104"></status>
</kw>
<status status="PASS" starttime="20180624 23:35:46.003" endtime="20180624 23:35:46.104"></status>
</kw>
<status status="PASS" starttime="20180624 23:35:46.003" endtime="20180624 23:35:46.104"></status>
</kw>
<kw name="I check topic name" library="Step_Chat">
<arguments>
<arg>Animal</arg>
</arguments>
<kw name="check_topic_name" library="Chat_Page">
<arguments>
<arg>${value}</arg>
</arguments>
<kw name="Wait Until Element Is Visible" library="Selenium2Library">
<doc>Waits until element ``locator`` is visible.</doc>
<arguments>
<arg>xpath=//div[@class='sc-hzDkRC fzkjjA']/div/div[@title='${value}'][1]</arg>
</arguments>
<status status="PASS" starttime="20180624 23:35:46.105" endtime="20180624 23:35:46.138"></status>
</kw>
<status status="PASS" starttime="20180624 23:35:46.105" endtime="20180624 23:35:46.138"></status>
</kw>
<status status="PASS" starttime="20180624 23:35:46.104" endtime="20180624 23:35:46.138"></status>
</kw>
<kw name="I logout from current user" library="Step_Home_Page">
<kw name="click_setting" library="Home_Page">
<kw name="Wait Until Keyword Succeeds" library="BuiltIn">
<doc>Runs the specified keyword and retries if it fails.</doc>
<arguments>
<arg>10</arg>
<arg>1</arg>
<arg>Click Element</arg>
<arg>xpath=//button[@class='ant-dropdown-trigger sc-fVHxE kXBRzd']</arg>
</arguments>
<kw name="Click Element" library="Selenium2Library">
<doc>Click element identified by ``locator``.</doc>
<arguments>
<arg>xpath=//button[@class='ant-dropdown-trigger sc-fVHxE kXBRzd']</arg>
</arguments>
<msg timestamp="20180624 23:35:46.140" level="INFO">Clicking element 'xpath=//button[@class='ant-dropdown-trigger sc-fVHxE kXBRzd']'.</msg>
<status status="PASS" starttime="20180624 23:35:46.140" endtime="20180624 23:35:46.293"></status>
</kw>
<status status="PASS" starttime="20180624 23:35:46.140" endtime="20180624 23:35:46.293"></status>
</kw>
<status status="PASS" starttime="20180624 23:35:46.139" endtime="20180624 23:35:46.293"></status>
</kw>
<kw name="click_logout" library="Home_Page">
<kw name="Wait Until Element Is Visible" library="Selenium2Library">
<doc>Waits until element ``locator`` is visible.</doc>
<arguments>
<arg>xpath=//li[text()='Log out']</arg>
</arguments>
<status status="PASS" starttime="20180624 23:35:46.293" endtime="20180624 23:35:46.554"></status>
</kw>
<kw name="Wait Until Keyword Succeeds" library="BuiltIn">
<doc>Runs the specified keyword and retries if it fails.</doc>
<arguments>
<arg>10</arg>
<arg>1</arg>
<arg>Click Element</arg>
<arg>xpath=//li[text()='Log out']</arg>
</arguments>
<kw name="Click Element" library="Selenium2Library">
<doc>Click element identified by ``locator``.</doc>
<arguments>
<arg>xpath=//li[text()='Log out']</arg>
</arguments>
<msg timestamp="20180624 23:35:46.555" level="INFO">Clicking element 'xpath=//li[text()='Log out']'.</msg>
<status status="PASS" starttime="20180624 23:35:46.555" endtime="20180624 23:35:46.716"></status>
</kw>
<status status="PASS" starttime="20180624 23:35:46.554" endtime="20180624 23:35:46.716"></status>
</kw>
<status status="PASS" starttime="20180624 23:35:46.293" endtime="20180624 23:35:46.716"></status>
</kw>
<status status="PASS" starttime="20180624 23:35:46.139" endtime="20180624 23:35:46.716"></status>
</kw>
<kw name="I Login with staff user 1" library="Step_Login_Page">
<kw name="set_Username" library="Login_Page">
<arguments>
<arg>narongsak</arg>
</arguments>
<kw name="Input Text" library="Selenium2Library">
<doc>Types the given ``text`` into text field identified by ``locator``.</doc>
<arguments>
<arg>id=username</arg>
<arg>${value}</arg>
</arguments>
<msg timestamp="20180624 23:35:46.718" level="INFO">Typing text 'narongsak' into text field 'id=username'.</msg>
<status status="PASS" starttime="20180624 23:35:46.718" endtime="20180624 23:35:46.835"></status>
</kw>
<status status="PASS" starttime="20180624 23:35:46.717" endtime="20180624 23:35:46.835"></status>
</kw>
<kw name="set_Password" library="Login_Page">
<arguments>
<arg>password</arg>
</arguments>
<kw name="Input Text" library="Selenium2Library">
<doc>Types the given ``text`` into text field identified by ``locator``.</doc>
<arguments>
<arg>id=password</arg>
<arg>${value}</arg>
</arguments>
<msg timestamp="20180624 23:35:46.836" level="INFO">Typing text 'password' into text field 'id=password'.</msg>
<status status="PASS" starttime="20180624 23:35:46.836" endtime="20180624 23:35:46.944"></status>
</kw>
<status status="PASS" starttime="20180624 23:35:46.836" endtime="20180624 23:35:46.944"></status>
</kw>
<kw name="click_Login" library="Login_Page">
<kw name="Click Button" library="Selenium2Library">
<doc>Clicks button identified by ``locator``.</doc>
<arguments>
<arg>xpath=//button[@type='submit']</arg>
</arguments>
<msg timestamp="20180624 23:35:46.945" level="INFO">Clicking button 'xpath=//button[@type='submit']'.</msg>
<status status="PASS" starttime="20180624 23:35:46.945" endtime="20180624 23:35:47.019"></status>
</kw>
<status status="PASS" starttime="20180624 23:35:46.944" endtime="20180624 23:35:47.019"></status>
</kw>
<status status="PASS" starttime="20180624 23:35:46.717" endtime="20180624 23:35:47.019"></status>
</kw>
<kw name="I click skip to close banner" library="Step_Home_Page">
<kw name="click_skip_on_banner" library="Home_Page">
<kw name="Wait Until Keyword Succeeds" library="BuiltIn">
<doc>Runs the specified keyword and retries if it fails.</doc>
<arguments>
<arg>10</arg>
<arg>1</arg>
<arg>Click Element</arg>
<arg>xpath=//a[text()='Skip']</arg>
</arguments>
<kw name="Click Element" library="Selenium2Library">
<doc>Click element identified by ``locator``.</doc>
<arguments>
<arg>xpath=//a[text()='Skip']</arg>
</arguments>
<msg timestamp="20180624 23:35:47.022" level="INFO">Clicking element 'xpath=//a[text()='Skip']'.</msg>
<status status="PASS" starttime="20180624 23:35:47.022" endtime="20180624 23:35:47.831"></status>
</kw>
<status status="PASS" starttime="20180624 23:35:47.021" endtime="20180624 23:35:47.831"></status>
</kw>
<status status="PASS" starttime="20180624 23:35:47.020" endtime="20180624 23:35:47.831"></status>
</kw>
<status status="PASS" starttime="20180624 23:35:47.020" endtime="20180624 23:35:47.831"></status>
</kw>
<kw name="I click name in the chat list" library="Step_Home_Page">
<arguments>
<arg>Lek Group Chat</arg>
</arguments>
<kw name="click_chat_name_in_chat_list" library="Home_Page">
<arguments>
<arg>${value}</arg>
</arguments>
<kw name="Wait Until Keyword Succeeds" library="BuiltIn">
<doc>Runs the specified keyword and retries if it fails.</doc>
<arguments>
<arg>10</arg>
<arg>1</arg>
<arg>Click Element</arg>
<arg>xpath=//div[@class='sc-hzDkRC fzkjjA']/div/div[@title='${value}']</arg>
</arguments>
<kw name="Click Element" library="Selenium2Library">
<doc>Click element identified by ``locator``.</doc>
<arguments>
<arg>xpath=//div[@class='sc-hzDkRC fzkjjA']/div/div[@title='${value}']</arg>
</arguments>
<msg timestamp="20180624 23:35:47.833" level="INFO">Clicking element 'xpath=//div[@class='sc-hzDkRC fzkjjA']/div/div[@title='Lek Group Chat']'.</msg>
<status status="PASS" starttime="20180624 23:35:47.833" endtime="20180624 23:35:48.454"></status>
</kw>
<status status="PASS" starttime="20180624 23:35:47.833" endtime="20180624 23:35:48.454"></status>
</kw>
<status status="PASS" starttime="20180624 23:35:47.832" endtime="20180624 23:35:48.454"></status>
</kw>
<status status="PASS" starttime="20180624 23:35:47.832" endtime="20180624 23:35:48.454"></status>
</kw>
<kw name="I click topics menu" library="Step_Chat">
<kw name="click_topics" library="Chat_Page">
<kw name="Wait Until Keyword Succeeds" library="BuiltIn">
<doc>Runs the specified keyword and retries if it fails.</doc>
<arguments>
<arg>10</arg>
<arg>1</arg>
<arg>Click Element</arg>
<arg>xpath=//div[@class='ant-tabs-nav ant-tabs-nav-animated']/div[3]</arg>
</arguments>
<kw name="Click Element" library="Selenium2Library">
<doc>Click element identified by ``locator``.</doc>
<arguments>
<arg>xpath=//div[@class='ant-tabs-nav ant-tabs-nav-animated']/div[3]</arg>
</arguments>
<msg timestamp="20180624 23:35:48.456" level="INFO">Clicking element 'xpath=//div[@class='ant-tabs-nav ant-tabs-nav-animated']/div[3]'.</msg>
<status status="PASS" starttime="20180624 23:35:48.456" endtime="20180624 23:35:48.621"></status>
</kw>
<status status="PASS" starttime="20180624 23:35:48.455" endtime="20180624 23:35:48.621"></status>
</kw>
<status status="PASS" starttime="20180624 23:35:48.455" endtime="20180624 23:35:48.621"></status>
</kw>
<status status="PASS" starttime="20180624 23:35:48.455" endtime="20180624 23:35:48.621"></status>
</kw>
<kw name="I check topic name" library="Step_Chat">
<arguments>
<arg>Animal</arg>
</arguments>
<kw name="check_topic_name" library="Chat_Page">
<arguments>
<arg>${value}</arg>
</arguments>
<kw name="Wait Until Element Is Visible" library="Selenium2Library">
<doc>Waits until element ``locator`` is visible.</doc>
<arguments>
<arg>xpath=//div[@class='sc-hzDkRC fzkjjA']/div/div[@title='${value}'][1]</arg>
</arguments>
<status status="PASS" starttime="20180624 23:35:48.622" endtime="20180624 23:35:48.722"></status>
</kw>
<status status="PASS" starttime="20180624 23:35:48.622" endtime="20180624 23:35:48.722"></status>
</kw>
<status status="PASS" starttime="20180624 23:35:48.621" endtime="20180624 23:35:48.722"></status>
</kw>
<kw name="I Close Eko website" library="Step_Abstract_Page" type="teardown">
<kw name="end_web_test" library="Abstract_Page">
<kw name="Close Browser" library="Selenium2Library">
<doc>Closes the current browser.</doc>
<status status="PASS" starttime="20180624 23:35:48.723" endtime="20180624 23:35:50.940"></status>
</kw>
<status status="PASS" starttime="20180624 23:35:48.723" endtime="20180624 23:35:50.940"></status>
</kw>
<status status="PASS" starttime="20180624 23:35:48.722" endtime="20180624 23:35:50.941"></status>
</kw>
<tags>
<tag>Third</tag>
</tags>
<status status="PASS" starttime="20180624 23:35:38.862" endtime="20180624 23:35:50.941" critical="yes"></status>
</test>
<test id="s1-t4" name="Scenario 4: Verfy remove member in the group chat">
<kw name="Run Keywords" library="BuiltIn" type="setup">
<doc>Executes all the given keywords in a sequence.</doc>
<arguments>
<arg>I Open Eko website</arg>
</arguments>
<kw name="I Open Eko website" library="Step_Abstract_Page">
<kw name="begin_web_test" library="Abstract_Page">
<kw name="Open Browser" library="Selenium2Library">
<doc>Opens a new browser instance to the given ``url``.</doc>
<arguments>
<arg>${variable_URL}</arg>
<arg>${variable_Browser}</arg>
</arguments>
<msg timestamp="20180624 23:35:50.947" level="INFO">Opening browser 'Chrome' to base url 'https://stagingekos.ekoapp.com/recents'.</msg>
<status status="PASS" starttime="20180624 23:35:50.946" endtime="20180624 23:35:54.680"></status>
</kw>
<kw name="Maximize Browser Window" library="Selenium2Library">
<doc>Maximizes current browser window.</doc>
<status status="PASS" starttime="20180624 23:35:54.681" endtime="20180624 23:35:55.814"></status>
</kw>
<kw name="Set Selenium Implicit Wait" library="Selenium2Library">
<doc>Sets the implicit wait value used by Selenium.</doc>
<arguments>
<arg>20</arg>
</arguments>
<status status="PASS" starttime="20180624 23:35:55.814" endtime="20180624 23:35:55.815"></status>
</kw>
<status status="PASS" starttime="20180624 23:35:50.946" endtime="20180624 23:35:55.815"></status>
</kw>
<status status="PASS" starttime="20180624 23:35:50.945" endtime="20180624 23:35:55.815"></status>
</kw>
<status status="PASS" starttime="20180624 23:35:50.945" endtime="20180624 23:35:55.815"></status>
</kw>
<kw name="I Login with admin user" library="Step_Login_Page">
<kw name="set_Username" library="Login_Page">
<arguments>
<arg>lek@ekoapp.com</arg>
</arguments>
<kw name="Input Text" library="Selenium2Library">
<doc>Types the given ``text`` into text field identified by ``locator``.</doc>
<arguments>
<arg>id=username</arg>
<arg>${value}</arg>
</arguments>
<msg timestamp="20180624 23:35:55.817" level="INFO">Typing text 'lek@ekoapp.com' into text field 'id=username'.</msg>
<status status="PASS" starttime="20180624 23:35:55.817" endtime="20180624 23:35:55.985"></status>
</kw>
<status status="PASS" starttime="20180624 23:35:55.816" endtime="20180624 23:35:55.985"></status>
</kw>
<kw name="set_Password" library="Login_Page">
<arguments>
<arg>password</arg>
</arguments>
<kw name="Input Text" library="Selenium2Library">
<doc>Types the given ``text`` into text field identified by ``locator``.</doc>
<arguments>
<arg>id=password</arg>
<arg>${value}</arg>
</arguments>
<msg timestamp="20180624 23:35:55.986" level="INFO">Typing text 'password' into text field 'id=password'.</msg>
<status status="PASS" starttime="20180624 23:35:55.986" endtime="20180624 23:35:56.094"></status>
</kw>
<status status="PASS" starttime="20180624 23:35:55.985" endtime="20180624 23:35:56.094"></status>
</kw>
<kw name="click_Login" library="Login_Page">
<kw name="Click Button" library="Selenium2Library">
<doc>Clicks button identified by ``locator``.</doc>
<arguments>
<arg>xpath=//button[@type='submit']</arg>
</arguments>
<msg timestamp="20180624 23:35:56.095" level="INFO">Clicking button 'xpath=//button[@type='submit']'.</msg>
<status status="PASS" starttime="20180624 23:35:56.095" endtime="20180624 23:35:56.193"></status>
</kw>
<status status="PASS" starttime="20180624 23:35:56.094" endtime="20180624 23:35:56.193"></status>
</kw>
<status status="PASS" starttime="20180624 23:35:55.816" endtime="20180624 23:35:56.193"></status>
</kw>
<kw name="I click skip to close banner" library="Step_Home_Page">
<kw name="click_skip_on_banner" library="Home_Page">
<kw name="Wait Until Keyword Succeeds" library="BuiltIn">
<doc>Runs the specified keyword and retries if it fails.</doc>
<arguments>
<arg>10</arg>
<arg>1</arg>
<arg>Click Element</arg>
<arg>xpath=//a[text()='Skip']</arg>
</arguments>
<kw name="Click Element" library="Selenium2Library">
<doc>Click element identified by ``locator``.</doc>
<arguments>
<arg>xpath=//a[text()='Skip']</arg>
</arguments>
<msg timestamp="20180624 23:35:56.196" level="INFO">Clicking element 'xpath=//a[text()='Skip']'.</msg>
<status status="PASS" starttime="20180624 23:35:56.196" endtime="20180624 23:35:57.412"></status>
</kw>
<status status="PASS" starttime="20180624 23:35:56.195" endtime="20180624 23:35:57.412"></status>
</kw>
<status status="PASS" starttime="20180624 23:35:56.195" endtime="20180624 23:35:57.412"></status>
</kw>
<status status="PASS" starttime="20180624 23:35:56.194" endtime="20180624 23:35:57.412"></status>
</kw>
<kw name="I click name in the chat list" library="Step_Home_Page">
<arguments>
<arg>Lek Group Chat</arg>
</arguments>
<kw name="click_chat_name_in_chat_list" library="Home_Page">
<arguments>
<arg>${value}</arg>
</arguments>
<kw name="Wait Until Keyword Succeeds" library="BuiltIn">
<doc>Runs the specified keyword and retries if it fails.</doc>
<arguments>
<arg>10</arg>
<arg>1</arg>
<arg>Click Element</arg>
<arg>xpath=//div[@class='sc-hzDkRC fzkjjA']/div/div[@title='${value}']</arg>
</arguments>
<kw name="Click Element" library="Selenium2Library">
<doc>Click element identified by ``locator``.</doc>
<arguments>
<arg>xpath=//div[@class='sc-hzDkRC fzkjjA']/div/div[@title='${value}']</arg>
</arguments>
<msg timestamp="20180624 23:35:57.414" level="INFO">Clicking element 'xpath=//div[@class='sc-hzDkRC fzkjjA']/div/div[@title='Lek Group Chat']'.</msg>
<status status="PASS" starttime="20180624 23:35:57.413" endtime="20180624 23:35:57.824"></status>
</kw>
<status status="PASS" starttime="20180624 23:35:57.413" endtime="20180624 23:35:57.824"></status>
</kw>
<status status="PASS" starttime="20180624 23:35:57.413" endtime="20180624 23:35:57.824"></status>
</kw>
<status status="PASS" starttime="20180624 23:35:57.412" endtime="20180624 23:35:57.825"></status>
</kw>
<kw name="I click members menu" library="Step_Chat">
<kw name="click_members" library="Chat_Page">
<kw name="Wait Until Keyword Succeeds" library="BuiltIn">
<doc>Runs the specified keyword and retries if it fails.</doc>
<arguments>
<arg>10</arg>
<arg>1</arg>
<arg>Click Element</arg>
<arg>xpath=//div[@class='ant-tabs-nav ant-tabs-nav-animated']/div[4]</arg>
</arguments>
<kw name="Click Element" library="Selenium2Library">
<doc>Click element identified by ``locator``.</doc>
<arguments>
<arg>xpath=//div[@class='ant-tabs-nav ant-tabs-nav-animated']/div[4]</arg>
</arguments>
<msg timestamp="20180624 23:35:57.826" level="INFO">Clicking element 'xpath=//div[@class='ant-tabs-nav ant-tabs-nav-animated']/div[4]'.</msg>
<status status="PASS" starttime="20180624 23:35:57.826" endtime="20180624 23:35:58.108"></status>
</kw>
<status status="PASS" starttime="20180624 23:35:57.826" endtime="20180624 23:35:58.108"></status>
</kw>
<status status="PASS" starttime="20180624 23:35:57.825" endtime="20180624 23:35:58.108"></status>
</kw>
<status status="PASS" starttime="20180624 23:35:57.825" endtime="20180624 23:35:58.108"></status>
</kw>
<kw name="I remove member from the group chat" library="Step_Chat">
<kw name="Remove_member_in_member_menu" library="Chat_Page">
<kw name="Get Text" library="Selenium2Library">
<doc>Returns the text value of element identified by ``locator``.</doc>
<arguments>
<arg>xpath=//div[@class='sc-cEvuZC bXbwNb']/div[3]/a/div[3]</arg>
</arguments>
<assign>
<var>${name}</var>
</assign>
<msg timestamp="20180624 23:35:58.212" level="INFO">${name} = narongsak
Last viewed: 7 seconds ago</msg>
<status status="PASS" starttime="20180624 23:35:58.109" endtime="20180624 23:35:58.213"></status>
</kw>
<kw name="Wait Until Keyword Succeeds" library="BuiltIn">
<doc>Runs the specified keyword and retries if it fails.</doc>
<arguments>
<arg>10</arg>
<arg>1</arg>
<arg>Click Element</arg>
<arg>xpath=//div[@class='sc-cEvuZC bXbwNb']/div[3]/a/div[1]/div/span</arg>
</arguments>
<kw name="Click Element" library="Selenium2Library">
<doc>Click element identified by ``locator``.</doc>
<arguments>
<arg>xpath=//div[@class='sc-cEvuZC bXbwNb']/div[3]/a/div[1]/div/span</arg>
</arguments>
<msg timestamp="20180624 23:35:58.213" level="INFO">Clicking element 'xpath=//div[@class='sc-cEvuZC bXbwNb']/div[3]/a/div[1]/div/span'.</msg>
<status status="PASS" starttime="20180624 23:35:58.213" endtime="20180624 23:35:58.287"></status>
</kw>
<status status="PASS" starttime="20180624 23:35:58.213" endtime="20180624 23:35:58.287"></status>
</kw>
<kw name="Wait Until Keyword Succeeds" library="BuiltIn">
<doc>Runs the specified keyword and retries if it fails.</doc>
<arguments>
<arg>10</arg>
<arg>1</arg>
<arg>Click Element</arg>
<arg>xpath=//a[@href='#remove']</arg>
</arguments>
<kw name="Click Element" library="Selenium2Library">
<doc>Click element identified by ``locator``.</doc>
<arguments>
<arg>xpath=//a[@href='#remove']</arg>
</arguments>
<msg timestamp="20180624 23:35:58.288" level="INFO">Clicking element 'xpath=//a[@href='#remove']'.</msg>
<status status="PASS" starttime="20180624 23:35:58.287" endtime="20180624 23:35:58.387"></status>
</kw>
<status status="PASS" starttime="20180624 23:35:58.287" endtime="20180624 23:35:58.387"></status>
</kw>
<kw name="Wait Until Keyword Succeeds" library="BuiltIn">
<doc>Runs the specified keyword and retries if it fails.</doc>
<arguments>
<arg>10</arg>
<arg>1</arg>
<arg>Click Element</arg>
<arg>xpath=//div[@class='ant-confirm-btns']//button[2]</arg>
</arguments>
<kw name="Click Element" library="Selenium2Library">
<doc>Click element identified by ``locator``.</doc>
<arguments>
<arg>xpath=//div[@class='ant-confirm-btns']//button[2]</arg>
</arguments>
<msg timestamp="20180624 23:35:58.388" level="INFO">Clicking element 'xpath=//div[@class='ant-confirm-btns']//button[2]'.</msg>
<status status="PASS" starttime="20180624 23:35:58.387" endtime="20180624 23:35:58.476"></status>
</kw>
<status status="PASS" starttime="20180624 23:35:58.387" endtime="20180624 23:35:58.477"></status>
</kw>
<kw name="Wait Until Element Is Not Visible" library="Selenium2Library">
<doc>Waits until element ``locator`` is not visible.</doc>
<arguments>
<arg>xpath=//h6[text()='${name}']</arg>
</arguments>
<status status="PASS" starttime="20180624 23:35:58.477" endtime="20180624 23:36:18.518"></status>
</kw>
<status status="PASS" starttime="20180624 23:35:58.109" endtime="20180624 23:36:18.518"></status>
</kw>
<status status="PASS" starttime="20180624 23:35:58.109" endtime="20180624 23:36:18.518"></status>
</kw>
<kw name="I Close Eko website" library="Step_Abstract_Page" type="teardown">
<kw name="end_web_test" library="Abstract_Page">
<kw name="Close Browser" library="Selenium2Library">
<doc>Closes the current browser.</doc>
<status status="PASS" starttime="20180624 23:36:18.521" endtime="20180624 23:36:20.730"></status>
</kw>
<status status="PASS" starttime="20180624 23:36:18.520" endtime="20180624 23:36:20.730"></status>
</kw>
<status status="PASS" starttime="20180624 23:36:18.519" endtime="20180624 23:36:20.731"></status>
</kw>
<tags>
<tag>Fourth</tag>
</tags>
<status status="PASS" starttime="20180624 23:35:50.943" endtime="20180624 23:36:20.731" critical="yes"></status>
</test>
<test id="s1-t5" name="Scenario 5: Verfy remove group chat">
<kw name="Run Keywords" library="BuiltIn" type="setup">
<doc>Executes all the given keywords in a sequence.</doc>
<arguments>
<arg>I Open Eko website</arg>
</arguments>
<kw name="I Open Eko website" library="Step_Abstract_Page">
<kw name="begin_web_test" library="Abstract_Page">
<kw name="Open Browser" library="Selenium2Library">
<doc>Opens a new browser instance to the given ``url``.</doc>
<arguments>
<arg>${variable_URL}</arg>
<arg>${variable_Browser}</arg>
</arguments>
<msg timestamp="20180624 23:36:20.737" level="INFO">Opening browser 'Chrome' to base url 'https://stagingekos.ekoapp.com/recents'.</msg>
<status status="PASS" starttime="20180624 23:36:20.737" endtime="20180624 23:36:24.845"></status>
</kw>
<kw name="Maximize Browser Window" library="Selenium2Library">
<doc>Maximizes current browser window.</doc>
<status status="PASS" starttime="20180624 23:36:24.845" endtime="20180624 23:36:25.964"></status>
</kw>
<kw name="Set Selenium Implicit Wait" library="Selenium2Library">
<doc>Sets the implicit wait value used by Selenium.</doc>
<arguments>
<arg>20</arg>
</arguments>
<status status="PASS" starttime="20180624 23:36:25.964" endtime="20180624 23:36:25.965"></status>
</kw>
<status status="PASS" starttime="20180624 23:36:20.736" endtime="20180624 23:36:25.965"></status>
</kw>
<status status="PASS" starttime="20180624 23:36:20.735" endtime="20180624 23:36:25.965"></status>
</kw>
<status status="PASS" starttime="20180624 23:36:20.734" endtime="20180624 23:36:25.965"></status>
</kw>
<kw name="I Login with admin user" library="Step_Login_Page">
<kw name="set_Username" library="Login_Page">
<arguments>
<arg>lek@ekoapp.com</arg>
</arguments>
<kw name="Input Text" library="Selenium2Library">
<doc>Types the given ``text`` into text field identified by ``locator``.</doc>
<arguments>
<arg>id=username</arg>
<arg>${value}</arg>
</arguments>
<msg timestamp="20180624 23:36:25.966" level="INFO">Typing text 'lek@ekoapp.com' into text field 'id=username'.</msg>
<status status="PASS" starttime="20180624 23:36:25.966" endtime="20180624 23:36:26.125"></status>
</kw>
<status status="PASS" starttime="20180624 23:36:25.966" endtime="20180624 23:36:26.125"></status>
</kw>
<kw name="set_Password" library="Login_Page">
<arguments>
<arg>password</arg>
</arguments>
<kw name="Input Text" library="Selenium2Library">
<doc>Types the given ``text`` into text field identified by ``locator``.</doc>
<arguments>
<arg>id=password</arg>
<arg>${value}</arg>
</arguments>
<msg timestamp="20180624 23:36:26.126" level="INFO">Typing text 'password' into text field 'id=password'.</msg>
<status status="PASS" starttime="20180624 23:36:26.125" endtime="20180624 23:36:26.232"></status>
</kw>
<status status="PASS" starttime="20180624 23:36:26.125" endtime="20180624 23:36:26.233"></status>
</kw>
<kw name="click_Login" library="Login_Page">
<kw name="Click Button" library="Selenium2Library">
<doc>Clicks button identified by ``locator``.</doc>
<arguments>
<arg>xpath=//button[@type='submit']</arg>
</arguments>
<msg timestamp="20180624 23:36:26.233" level="INFO">Clicking button 'xpath=//button[@type='submit']'.</msg>
<status status="PASS" starttime="20180624 23:36:26.233" endtime="20180624 23:36:26.329"></status>
</kw>
<status status="PASS" starttime="20180624 23:36:26.233" endtime="20180624 23:36:26.329"></status>
</kw>
<status status="PASS" starttime="20180624 23:36:25.966" endtime="20180624 23:36:26.330"></status>
</kw>
<kw name="I click skip to close banner" library="Step_Home_Page">
<kw name="click_skip_on_banner" library="Home_Page">
<kw name="Wait Until Keyword Succeeds" library="BuiltIn">
<doc>Runs the specified keyword and retries if it fails.</doc>
<arguments>
<arg>10</arg>
<arg>1</arg>
<arg>Click Element</arg>
<arg>xpath=//a[text()='Skip']</arg>
</arguments>
<kw name="Click Element" library="Selenium2Library">
<doc>Click element identified by ``locator``.</doc>
<arguments>
<arg>xpath=//a[text()='Skip']</arg>
</arguments>
<msg timestamp="20180624 23:36:26.332" level="INFO">Clicking element 'xpath=//a[text()='Skip']'.</msg>
<status status="PASS" starttime="20180624 23:36:26.332" endtime="20180624 23:36:27.875"></status>
</kw>
<status status="PASS" starttime="20180624 23:36:26.331" endtime="20180624 23:36:27.875"></status>
</kw>
<status status="PASS" starttime="20180624 23:36:26.330" endtime="20180624 23:36:27.875"></status>
</kw>
<status status="PASS" starttime="20180624 23:36:26.330" endtime="20180624 23:36:27.875"></status>
</kw>
<kw name="I click name in the chat list" library="Step_Home_Page">
<arguments>
<arg>Lek Group Chat</arg>
</arguments>
<kw name="click_chat_name_in_chat_list" library="Home_Page">
<arguments>
<arg>${value}</arg>
</arguments>
<kw name="Wait Until Keyword Succeeds" library="BuiltIn">
<doc>Runs the specified keyword and retries if it fails.</doc>
<arguments>
<arg>10</arg>
<arg>1</arg>
<arg>Click Element</arg>
<arg>xpath=//div[@class='sc-hzDkRC fzkjjA']/div/div[@title='${value}']</arg>
</arguments>
<kw name="Click Element" library="Selenium2Library">
<doc>Click element identified by ``locator``.</doc>
<arguments>
<arg>xpath=//div[@class='sc-hzDkRC fzkjjA']/div/div[@title='${value}']</arg>
</arguments>
<msg timestamp="20180624 23:36:27.877" level="INFO">Clicking element 'xpath=//div[@class='sc-hzDkRC fzkjjA']/div/div[@title='Lek Group Chat']'.</msg>
<status status="PASS" starttime="20180624 23:36:27.877" endtime="20180624 23:36:28.235"></status>
</kw>
<status status="PASS" starttime="20180624 23:36:27.877" endtime="20180624 23:36:28.235"></status>
</kw>
<status status="PASS" starttime="20180624 23:36:27.876" endtime="20180624 23:36:28.235"></status>
</kw>
<status status="PASS" starttime="20180624 23:36:27.876" endtime="20180624 23:36:28.235"></status>
</kw>
<kw name="I click leave group chat" library="Step_Chat">
<kw name="click_leave_chat" library="Chat_Page">
<kw name="Wait Until Keyword Succeeds" library="BuiltIn">
<doc>Runs the specified keyword and retries if it fails.</doc>
<arguments>
<arg>10</arg>
<arg>1</arg>
<arg>Click Element</arg>
<arg>xpath=//div[@class='sc-hZSUBg bHECWA']/span[2]/button</arg>
</arguments>
<kw name="Click Element" library="Selenium2Library">
<doc>Click element identified by ``locator``.</doc>
<arguments>
<arg>xpath=//div[@class='sc-hZSUBg bHECWA']/span[2]/button</arg>
</arguments>
<msg timestamp="20180624 23:36:28.237" level="INFO">Clicking element 'xpath=//div[@class='sc-hZSUBg bHECWA']/span[2]/button'.</msg>
<status status="PASS" starttime="20180624 23:36:28.237" endtime="20180624 23:36:28.495"></status>
</kw>
<status status="PASS" starttime="20180624 23:36:28.236" endtime="20180624 23:36:28.495"></status>
</kw>
<kw name="Wait Until Keyword Succeeds" library="BuiltIn">
<doc>Runs the specified keyword and retries if it fails.</doc>
<arguments>
<arg>10</arg>
<arg>1</arg>
<arg>Click Element</arg>
<arg>xpath=//span[text()='leave']</arg>
</arguments>
<kw name="Click Element" library="Selenium2Library">
<doc>Click element identified by ``locator``.</doc>
<arguments>
<arg>xpath=//span[text()='leave']</arg>
</arguments>
<msg timestamp="20180624 23:36:28.495" level="INFO">Clicking element 'xpath=//span[text()='leave']'.</msg>
<status status="PASS" starttime="20180624 23:36:28.495" endtime="20180624 23:36:28.577"></status>
</kw>
<status status="PASS" starttime="20180624 23:36:28.495" endtime="20180624 23:36:28.577"></status>
</kw>
<kw name="Wait Until Element Is Visible" library="Selenium2Library">
<doc>Waits until element ``locator`` is visible.</doc>
<arguments>
<arg>xpath=//div[@class='ant-confirm-btns']//button[2]</arg>
</arguments>
<status status="PASS" starttime="20180624 23:36:28.577" endtime="20180624 23:36:28.830"></status>
</kw>
<kw name="Wait Until Keyword Succeeds" library="BuiltIn">
<doc>Runs the specified keyword and retries if it fails.</doc>
<arguments>
<arg>10</arg>
<arg>1</arg>
<arg>Click Element</arg>
<arg>xpath=//div[@class='ant-confirm-btns']//button[2]</arg>
</arguments>
<kw name="Click Element" library="Selenium2Library">
<doc>Click element identified by ``locator``.</doc>
<arguments>
<arg>xpath=//div[@class='ant-confirm-btns']//button[2]</arg>
</arguments>
<msg timestamp="20180624 23:36:28.830" level="INFO">Clicking element 'xpath=//div[@class='ant-confirm-btns']//button[2]'.</msg>
<status status="PASS" starttime="20180624 23:36:28.830" endtime="20180624 23:36:28.911"></status>
</kw>
<status status="PASS" starttime="20180624 23:36:28.830" endtime="20180624 23:36:28.911"></status>
</kw>
<status status="PASS" starttime="20180624 23:36:28.236" endtime="20180624 23:36:28.911"></status>
</kw>
<status status="PASS" starttime="20180624 23:36:28.236" endtime="20180624 23:36:28.911"></status>
</kw>
<kw name="I check group chat name must not visible" library="Step_Home_Page">
<arguments>
<arg>Lek Group Chat</arg>
</arguments>
<kw name="invisible_group_chat_name" library="Home_Page">
<arguments>
<arg>${value}</arg>
</arguments>
<kw name="Wait Until Element Is Not Visible" library="Selenium2Library">
<doc>Waits until element ``locator`` is not visible.</doc>
<arguments>
<arg>xpath=//div[@class='sc-hzDkRC fzkjjA']/div/div[@title='${value}']</arg>
</arguments>
<status status="PASS" starttime="20180624 23:36:28.912" endtime="20180624 23:36:49.143"></status>
</kw>
<status status="PASS" starttime="20180624 23:36:28.912" endtime="20180624 23:36:49.143"></status>
</kw>
<status status="PASS" starttime="20180624 23:36:28.911" endtime="20180624 23:36:49.143"></status>
</kw>
<kw name="I Close Eko website" library="Step_Abstract_Page" type="teardown">
<kw name="end_web_test" library="Abstract_Page">
<kw name="Close Browser" library="Selenium2Library">
<doc>Closes the current browser.</doc>
<status status="PASS" starttime="20180624 23:36:49.146" endtime="20180624 23:36:51.377"></status>
</kw>
<status status="PASS" starttime="20180624 23:36:49.145" endtime="20180624 23:36:51.377"></status>
</kw>
<status status="PASS" starttime="20180624 23:36:49.144" endtime="20180624 23:36:51.378"></status>
</kw>
<tags>
<tag>Fifth</tag>
</tags>
<status status="PASS" starttime="20180624 23:36:20.733" endtime="20180624 23:36:51.378" critical="yes"></status>
</test>
<status status="PASS" starttime="20180624 23:35:11.172" endtime="20180624 23:36:51.381"></status>
</suite>
<statistics>
<total>
<stat pass="5" fail="0">Critical Tests</stat>
<stat pass="5" fail="0">All Tests</stat>
</total>
<tag>
<stat pass="1" fail="0">Fifth</stat>
<stat pass="1" fail="0">First</stat>
<stat pass="1" fail="0">Fourth</stat>
<stat pass="1" fail="0">Second</stat>
<stat pass="1" fail="0">Third</stat>
</tag>
<suite>
<stat pass="5" fail="0" id="s1" name="Test">Test</stat>
</suite>
</statistics>
<errors>
</errors>
</robot>
